<?xml version="1.0" encoding="UTF-8"?>
<!-- Generated by org.testng.reporters.JUnitReportReporter -->
<testsuite hostname="DESKTOP-AF71NMN" name="com.api.tests.TestDELETEPet" tests="2" failures="0" timestamp="17 Oct 2020 08:22:05 GMT" time="1.044" errors="0">
  <testcase name="validateStatusCodeToBE200" time="0.015" classname="com.api.tests.TestDELETEPet"/>
  <testcase name="validateMessageInResponse" time="1.029" classname="com.api.tests.TestDELETEPet"/>
</testsuite> <!-- com.api.tests.TestDELETEPet -->
