<?xml version="1.0" encoding="UTF-8"?>
<!-- Generated by org.testng.reporters.JUnitReportReporter -->
<testsuite hostname="DESKTOP-AF71NMN" name="com.api.tests.TestPOSTNewAvailablePet" tests="2" failures="0" timestamp="17 Oct 2020 08:21:33 GMT" time="0.055" errors="0">
  <testcase name="validateStatusCodeToBE200" time="0.000" classname="com.api.tests.TestPOSTNewAvailablePet"/>
  <testcase name="validateResponseIDToEqualToRequestID" time="0.055" classname="com.api.tests.TestPOSTNewAvailablePet"/>
</testsuite> <!-- com.api.tests.TestPOSTNewAvailablePet -->
