<?xml version="1.0" encoding="UTF-8"?>
<!-- Generated by org.testng.reporters.JUnitReportReporter -->
<testsuite hostname="DESKTOP-AF71NMN" name="com.api.tests.TestPUTUpdatePetStatus" tests="3" failures="0" timestamp="17 Oct 2020 08:21:49 GMT" time="0.082" errors="0">
  <testcase name="validateStatusCodeToBE200" time="0.016" classname="com.api.tests.TestPUTUpdatePetStatus"/>
  <testcase name="validateResponseIDToEqualToRequestID" time="0.048" classname="com.api.tests.TestPUTUpdatePetStatus"/>
  <testcase name="validateResponseStatusToBeSold" time="0.018" classname="com.api.tests.TestPUTUpdatePetStatus"/>
</testsuite> <!-- com.api.tests.TestPUTUpdatePetStatus -->
