<?xml version="1.0" encoding="UTF-8"?>
<!-- Generated by org.testng.reporters.JUnitReportReporter -->
<testsuite hostname="DESKTOP-AF71NMN" name="com.api.tests.TestGETAllAvailablePets" tests="3" failures="0" timestamp="17 Oct 2020 08:21:18 GMT" time="0.037" errors="0">
  <testcase name="validateResponseIsNotEmpty" time="0.004" classname="com.api.tests.TestGETAllAvailablePets"/>
  <testcase name="validateStatusCodeToBE200" time="0.016" classname="com.api.tests.TestGETAllAvailablePets"/>
  <testcase name="validateResponseIsNotNull" time="0.017" classname="com.api.tests.TestGETAllAvailablePets"/>
</testsuite> <!-- com.api.tests.TestGETAllAvailablePets -->
